2024-01-15 09:06:29,482 - __mp_main__ - ERROR - --- Shutdown App ---
2024-01-15 09:06:45,958 - routers.template - ERROR - --- 'NoneType' object has no attribute '__dict__' ---
2024-01-15 09:08:01,658 - routers.template - ERROR - --- 'NoneType' object has no attribute '__dict__' ---
2024-01-15 09:09:59,437 - __mp_main__ - ERROR - --- Shutdown App ---
2024-01-15 09:10:05,171 - routers.template - ERROR - --- 'NoneType' object has no attribute '__dict__' ---
2024-01-15 09:10:28,860 - __mp_main__ - ERROR - --- Shutdown App ---
2024-01-15 09:10:52,430 - routers.template - ERROR - --- 'NoneType' object has no attribute '__dict__' ---
2024-01-15 09:11:35,115 - __mp_main__ - ERROR - --- Shutdown App ---
2024-01-15 09:11:46,904 - routers.template - ERROR - --- 'NoneType' object has no attribute '__dict__' ---
2024-01-15 09:12:17,747 - __mp_main__ - ERROR - --- Shutdown App ---
2024-01-15 09:12:20,603 - routers.template - ERROR - --- 'NoneType' object has no attribute '__dict__' ---
2024-01-15 09:12:49,868 - __mp_main__ - ERROR - --- Shutdown App ---
2024-01-15 09:12:54,403 - routers.template - ERROR - --- 'NoneType' object has no attribute '__dict__' ---
2024-01-15 09:16:57,637 - __mp_main__ - ERROR - --- Shutdown App ---
2024-01-15 09:17:01,812 - routers.template - ERROR - --- 'NoneType' object has no attribute '__dict__' ---
2024-01-15 09:17:25,204 - __mp_main__ - ERROR - --- Shutdown App ---
2024-01-15 09:17:29,018 - routers.template - ERROR - --- 'NoneType' object has no attribute '__dict__' ---
2024-01-15 09:18:24,403 - routers.template - ERROR - --- 'NoneType' object has no attribute '__dict__' ---
2024-01-15 09:18:41,576 - __mp_main__ - ERROR - --- Shutdown App ---
2024-01-15 09:18:44,808 - routers.template - ERROR - --- models.Template_library() argument after ** must be a mapping, not TemplateCreateBase ---
2024-01-15 09:19:13,094 - __mp_main__ - ERROR - --- Shutdown App ---
2024-01-15 09:19:16,113 - routers.template - ERROR - --- models.Template_library() argument after ** must be a mapping, not TemplateCreateBase ---
2024-01-15 09:19:37,318 - __mp_main__ - ERROR - --- Shutdown App ---
2024-01-15 09:19:42,506 - routers.template - ERROR - --- cannot access local variable 'id_template' where it is not associated with a value ---
2024-01-15 09:20:16,830 - __mp_main__ - ERROR - --- Shutdown App ---
2024-01-15 09:20:19,224 - routers.template - ERROR - --- cannot access local variable 'id_template' where it is not associated with a value ---
2024-01-15 09:23:12,654 - __mp_main__ - ERROR - --- Shutdown App ---
2024-01-15 09:23:14,957 - routers.template - ERROR - --- 'dict' object has no attribute 'id' ---
2024-01-15 09:23:46,736 - __mp_main__ - ERROR - --- Shutdown App ---
2024-01-15 09:24:11,698 - __mp_main__ - ERROR - --- Shutdown App ---
2024-01-15 09:34:58,797 - __mp_main__ - ERROR - --- Shutdown App ---
2024-01-15 09:58:07,998 - __mp_main__ - ERROR - --- Shutdown App ---
2024-01-15 10:05:45,782 - __mp_main__ - ERROR - --- Shutdown App ---
2024-01-15 10:06:05,431 - __mp_main__ - ERROR - --- Shutdown App ---
2024-01-15 10:06:15,977 - __mp_main__ - ERROR - --- Shutdown App ---
2024-01-15 10:06:25,394 - routers.template - ERROR - --- (pymysql.err.IntegrityError) (1048, "Column 'multreg' cannot be null")
[SQL: INSERT INTO point_list (id_pointkey, id_template, name, nameedit, id_type_units, unitsedit, equation, config, register, id_type_datatype, id_type_byteorder, slope, slopeenabled, offset, offsetenabled, multreg, multregenabled, userscaleenabled, invalidvalue, invalidvalueenabled, extendednumpoints, extendedregblocks, status, `function`, constants) VALUES (%(id_pointkey)s, %(id_template)s, %(name)s, %(nameedit)s, %(id_type_units)s, %(unitsedit)s, %(equation)s, %(config)s, %(register)s, %(id_type_datatype)s, %(id_type_byteorder)s, %(slope)s, %(slopeenabled)s, %(offset)s, %(offsetenabled)s, %(multreg)s, %(multregenabled)s, %(userscaleenabled)s, %(invalidvalue)s, %(invalidvalueenabled)s, %(extendednumpoints)s, %(extendedregblocks)s, %(status)s, %(function)s, %(constants)s)]
[parameters: {'id_pointkey': None, 'id_template': 29, 'name': 'SMA2', 'nameedit': 0, 'id_type_units': 118, 'unitsedit': 0, 'equation': 263, 'config': 266, 'register': 0, 'id_type_datatype': 4, 'id_type_byteorder': 252, 'slope': 1, 'slopeenabled': 0, 'offset': 0, 'offsetenabled': 0, 'multreg': None, 'multregenabled': 0, 'userscaleenabled': 0, 'invalidvalue': 65535, 'invalidvalueenabled': 0, 'extendednumpoints': None, 'extendedregblocks': None, 'status': 1, 'function': None, 'constants': 0}]
(Background on this error at: https://sqlalche.me/e/20/gkpj) ---
2024-01-15 10:07:21,056 - __mp_main__ - ERROR - --- Shutdown App ---
2024-01-15 10:08:03,934 - __mp_main__ - ERROR - --- Shutdown App ---
2024-01-15 10:09:04,425 - __mp_main__ - ERROR - --- Shutdown App ---
2024-01-15 10:09:27,445 - __mp_main__ - ERROR - --- Shutdown App ---
2024-01-15 10:17:49,673 - __mp_main__ - ERROR - --- Shutdown App ---
2024-01-15 10:19:30,511 - __mp_main__ - ERROR - --- Shutdown App ---
2024-01-15 10:20:18,725 - __mp_main__ - ERROR - --- Shutdown App ---
2024-01-15 10:33:54,381 - __mp_main__ - ERROR - --- Shutdown App ---
2024-01-15 10:34:01,378 - __mp_main__ - ERROR - --- Shutdown App ---
2024-01-15 10:34:07,506 - __mp_main__ - ERROR - --- Shutdown App ---
2024-01-15 10:34:11,845 - __mp_main__ - ERROR - --- Shutdown App ---
2024-01-15 10:34:27,429 - __mp_main__ - ERROR - --- Shutdown App ---
2024-01-15 10:34:32,722 - __mp_main__ - ERROR - --- Shutdown App ---
2024-01-15 10:34:37,925 - __mp_main__ - ERROR - --- Shutdown App ---
2024-01-15 10:34:45,753 - __mp_main__ - ERROR - --- Shutdown App ---
2024-01-15 10:34:50,912 - __mp_main__ - ERROR - --- Shutdown App ---
2024-01-15 10:34:56,999 - __mp_main__ - ERROR - --- Shutdown App ---
2024-01-15 10:35:04,979 - __mp_main__ - ERROR - --- Shutdown App ---
2024-01-15 10:35:48,524 - __mp_main__ - ERROR - --- Shutdown App ---
2024-01-15 10:35:57,353 - __mp_main__ - ERROR - --- Shutdown App ---
2024-01-15 10:36:07,977 - __mp_main__ - ERROR - --- Shutdown App ---
2024-01-15 10:36:16,725 - __mp_main__ - ERROR - --- Shutdown App ---
2024-01-15 10:36:25,440 - __mp_main__ - ERROR - --- Shutdown App ---
2024-01-15 10:36:35,082 - __mp_main__ - ERROR - --- Shutdown App ---
2024-01-15 10:36:39,516 - __mp_main__ - ERROR - --- Shutdown App ---
2024-01-15 10:36:59,872 - __mp_main__ - ERROR - --- Shutdown App ---
2024-01-15 10:37:09,590 - __mp_main__ - ERROR - --- Shutdown App ---
2024-01-15 10:37:21,049 - __mp_main__ - ERROR - --- Shutdown App ---
2024-01-15 10:37:33,363 - __mp_main__ - ERROR - --- Shutdown App ---
2024-01-15 10:39:42,732 - __mp_main__ - ERROR - --- Shutdown App ---
2024-01-15 10:40:40,903 - __mp_main__ - ERROR - --- Shutdown App ---
2024-01-15 11:22:58,935 - __mp_main__ - ERROR - --- Shutdown App ---
2024-01-15 11:23:12,174 - __mp_main__ - ERROR - --- Shutdown App ---
2024-01-15 11:24:32,162 - __mp_main__ - ERROR - --- Shutdown App ---
2024-01-15 11:30:29,506 - __mp_main__ - ERROR - --- Shutdown App ---
2024-01-15 11:31:27,416 - __mp_main__ - ERROR - --- Shutdown App ---
2024-01-15 13:47:42,645 - __mp_main__ - ERROR - --- Shutdown App ---
2024-01-15 13:53:00,085 - __mp_main__ - ERROR - --- Shutdown App ---
2024-01-15 13:54:03,472 - __mp_main__ - ERROR - --- Shutdown App ---
2024-01-15 13:54:15,868 - __mp_main__ - ERROR - --- Shutdown App ---
2024-01-15 13:57:59,098 - __mp_main__ - ERROR - --- Shutdown App ---
2024-01-15 14:10:28,673 - __mp_main__ - ERROR - --- Shutdown App ---
2024-01-15 14:14:42,437 - __mp_main__ - ERROR - --- Shutdown App ---
2024-01-15 14:15:25,163 - __mp_main__ - ERROR - --- Shutdown App ---
2024-01-15 14:16:19,370 - __mp_main__ - ERROR - --- Shutdown App ---
2024-01-15 14:16:36,268 - __mp_main__ - ERROR - --- Shutdown App ---
2024-01-15 14:16:54,026 - __mp_main__ - ERROR - --- Shutdown App ---
2024-01-15 14:17:36,710 - __mp_main__ - ERROR - --- Shutdown App ---
2024-01-15 14:17:59,669 - __mp_main__ - ERROR - --- Shutdown App ---
2024-01-15 14:18:51,975 - __mp_main__ - ERROR - --- Shutdown App ---
2024-01-15 14:19:01,604 - __mp_main__ - ERROR - --- Shutdown App ---
2024-01-15 14:20:26,902 - __mp_main__ - ERROR - --- Shutdown App ---
2024-01-15 14:20:36,616 - __mp_main__ - ERROR - --- Shutdown App ---
2024-01-15 14:22:47,249 - __mp_main__ - ERROR - --- Shutdown App ---
2024-01-15 14:25:13,528 - __mp_main__ - ERROR - --- Shutdown App ---
2024-01-15 14:25:25,047 - __mp_main__ - ERROR - --- Shutdown App ---
2024-01-15 14:25:48,941 - __mp_main__ - ERROR - --- Shutdown App ---
2024-01-15 14:26:58,175 - __mp_main__ - ERROR - --- Shutdown App ---
2024-01-15 14:31:28,979 - __mp_main__ - ERROR - --- Shutdown App ---
2024-01-15 14:44:29,185 - __mp_main__ - ERROR - --- Shutdown App ---
2024-01-15 14:46:10,090 - __mp_main__ - ERROR - --- Shutdown App ---
2024-01-15 14:56:52,140 - __mp_main__ - ERROR - --- Shutdown App ---
2024-01-15 15:05:25,134 - routers.template - ERROR - --- JSONResponse.__init__() got an unexpected keyword argument 'detail' ---
2024-01-15 15:06:31,176 - __mp_main__ - ERROR - --- Shutdown App ---
2024-01-15 15:09:28,095 - __mp_main__ - ERROR - --- Shutdown App ---
2024-01-15 15:09:37,947 - __mp_main__ - ERROR - --- Shutdown App ---
2024-01-15 15:10:02,232 - __mp_main__ - ERROR - --- Shutdown App ---
2024-01-15 15:10:26,494 - __mp_main__ - ERROR - --- Shutdown App ---
2024-01-15 15:15:28,738 - __mp_main__ - ERROR - --- Shutdown App ---
2024-01-15 15:16:06,361 - __mp_main__ - ERROR - --- Shutdown App ---
2024-01-15 15:16:19,680 - __mp_main__ - ERROR - --- Shutdown App ---
2024-01-15 15:17:21,355 - __mp_main__ - ERROR - --- Shutdown App ---
2024-01-15 15:17:29,400 - __mp_main__ - ERROR - --- Shutdown App ---
2024-01-15 15:42:39,032 - __mp_main__ - ERROR - --- Shutdown App ---
2024-01-15 15:48:33,911 - __mp_main__ - ERROR - --- Shutdown App ---
2024-01-15 15:52:06,241 - __mp_main__ - ERROR - --- Shutdown App ---
2024-01-15 15:53:23,218 - __mp_main__ - ERROR - --- Shutdown App ---
2024-01-15 15:53:34,918 - __mp_main__ - ERROR - --- Shutdown App ---
2024-01-15 15:53:53,959 - __mp_main__ - ERROR - --- Shutdown App ---
2024-01-15 15:54:28,160 - __mp_main__ - ERROR - --- Shutdown App ---
2024-01-15 15:55:28,728 - __mp_main__ - ERROR - --- Shutdown App ---
2024-01-15 15:57:16,840 - __mp_main__ - ERROR - --- Shutdown App ---
2024-01-15 15:58:26,808 - __mp_main__ - ERROR - --- Shutdown App ---
2024-01-15 15:58:53,003 - __mp_main__ - ERROR - --- Shutdown App ---
2024-01-15 15:58:56,168 - routers.template - ERROR - --- list index out of range ---
2024-01-15 15:59:29,153 - __mp_main__ - ERROR - --- Shutdown App ---
2024-01-15 15:59:41,471 - __mp_main__ - ERROR - --- Shutdown App ---
2024-01-15 16:00:47,601 - __mp_main__ - ERROR - --- Shutdown App ---
2024-01-15 16:01:17,430 - __mp_main__ - ERROR - --- Shutdown App ---
2024-01-15 16:02:39,102 - __mp_main__ - ERROR - --- Shutdown App ---
2024-01-15 16:02:56,279 - __mp_main__ - ERROR - --- Shutdown App ---
2024-01-15 16:02:58,948 - routers.template - ERROR - --- list index out of range ---
2024-01-15 16:03:31,367 - __mp_main__ - ERROR - --- Shutdown App ---
2024-01-15 16:03:33,537 - __mp_main__ - ERROR - --- Shutdown App ---
2024-01-15 16:05:22,443 - __mp_main__ - ERROR - --- Shutdown App ---
2024-01-15 16:05:37,975 - __mp_main__ - ERROR - --- Shutdown App ---
2024-01-15 16:05:40,605 - routers.template - ERROR - --- Valid strategies for session synchronization are 'auto', 'evaluate', 'fetch', False ---
2024-01-15 16:05:54,358 - __mp_main__ - ERROR - --- Shutdown App ---
2024-01-15 17:02:23,587 - __mp_main__ - ERROR - --- Shutdown App ---
2024-01-15 17:10:13,141 - __mp_main__ - ERROR - --- Shutdown App ---
2024-01-15 17:10:55,420 - __mp_main__ - ERROR - --- Shutdown App ---
2024-01-15 17:12:36,062 - __mp_main__ - ERROR - --- Shutdown App ---
2024-01-15 17:14:19,210 - __mp_main__ - ERROR - --- Shutdown App ---
2024-01-15 17:15:02,283 - __mp_main__ - ERROR - --- Shutdown App ---
2024-01-16 09:05:49,649 - __mp_main__ - ERROR - --- Shutdown App ---
2024-01-16 13:34:01,285 - __mp_main__ - ERROR - --- Shutdown App ---
