2024-01-19 14:19:51,439 - __mp_main__ - ERROR - --- Shutdown App ---
2024-01-19 14:20:58,152 - __mp_main__ - ERROR - --- Shutdown App ---
2024-01-19 14:26:30,749 - __mp_main__ - ERROR - --- Shutdown App ---
2024-01-19 14:26:58,379 - __mp_main__ - ERROR - --- Shutdown App ---
2024-01-19 14:28:29,219 - __mp_main__ - ERROR - --- Shutdown App ---
2024-01-19 14:30:05,370 - __mp_main__ - ERROR - --- Shutdown App ---
2024-01-19 14:30:21,522 - __mp_main__ - ERROR - --- Shutdown App ---
2024-01-19 14:30:21,522 - __mp_main__ - ERROR - --- Shutdown App ---
2024-01-19 14:31:24,965 - __mp_main__ - ERROR - --- Shutdown App ---
2024-01-19 14:32:01,701 - __mp_main__ - ERROR - --- Shutdown App ---
2024-01-19 14:33:33,865 - __mp_main__ - ERROR - --- Shutdown App ---
2024-01-19 14:34:01,579 - __mp_main__ - ERROR - --- Shutdown App ---
2024-01-19 14:35:04,571 - __mp_main__ - ERROR - --- Shutdown App ---
2024-01-19 14:39:18,187 - __mp_main__ - ERROR - --- Shutdown App ---
2024-01-19 14:50:43,758 - __mp_main__ - ERROR - --- Shutdown App ---
2024-01-19 14:53:14,501 - __mp_main__ - ERROR - --- Shutdown App ---
2024-01-19 14:56:35,799 - __mp_main__ - ERROR - --- Shutdown App ---
2024-01-19 14:59:43,888 - __mp_main__ - ERROR - --- Shutdown App ---
2024-01-19 15:15:30,367 - __mp_main__ - ERROR - --- Shutdown App ---
2024-01-19 15:16:25,938 - __mp_main__ - ERROR - --- Shutdown App ---
2024-01-19 15:17:21,360 - __mp_main__ - ERROR - --- Shutdown App ---
2024-01-19 15:17:35,621 - __mp_main__ - ERROR - --- Shutdown App ---
2024-01-19 15:22:28,868 - __mp_main__ - ERROR - --- Shutdown App ---
2024-01-19 15:37:10,176 - __mp_main__ - ERROR - --- Shutdown App ---
2024-01-19 16:07:52,720 - __mp_main__ - ERROR - --- Shutdown App ---
2024-01-19 16:25:15,165 - __mp_main__ - ERROR - --- Shutdown App ---
2024-01-19 16:38:44,128 - __mp_main__ - ERROR - --- Shutdown App ---
2024-01-19 16:39:27,638 - __mp_main__ - ERROR - --- Shutdown App ---
2024-01-19 16:40:51,911 - __mp_main__ - ERROR - --- Shutdown App ---
2024-01-19 16:41:23,414 - __mp_main__ - ERROR - --- Shutdown App ---
2024-01-19 16:41:34,175 - __mp_main__ - ERROR - --- Shutdown App ---
2024-01-19 16:41:38,657 - __mp_main__ - ERROR - --- Shutdown App ---
2024-01-19 16:41:53,078 - __mp_main__ - ERROR - --- Shutdown App ---
2024-01-19 16:42:00,171 - __mp_main__ - ERROR - --- Shutdown App ---
2024-01-19 16:44:49,083 - __mp_main__ - ERROR - --- Shutdown App ---
2024-01-19 16:44:58,223 - __mp_main__ - ERROR - --- Shutdown App ---
2024-01-19 16:48:25,618 - __mp_main__ - ERROR - --- Shutdown App ---
2024-01-19 16:49:57,304 - __mp_main__ - ERROR - --- Shutdown App ---
2024-01-19 16:50:04,433 - __mp_main__ - ERROR - --- Shutdown App ---
2024-01-19 16:50:26,945 - __mp_main__ - ERROR - --- Shutdown App ---
2024-01-19 16:54:51,635 - __mp_main__ - ERROR - --- Shutdown App ---
2024-01-19 16:55:12,271 - __mp_main__ - ERROR - --- Shutdown App ---
2024-01-19 16:55:48,156 - __mp_main__ - ERROR - --- Shutdown App ---
2024-01-19 16:56:01,085 - __mp_main__ - ERROR - --- Shutdown App ---
2024-01-19 16:56:36,064 - __mp_main__ - ERROR - --- Shutdown App ---
2024-01-19 16:56:54,909 - __mp_main__ - ERROR - --- Shutdown App ---
2024-01-19 16:57:26,200 - __mp_main__ - ERROR - --- Shutdown App ---
2024-01-19 16:57:52,236 - __mp_main__ - ERROR - --- Shutdown App ---
2024-01-19 17:01:52,132 - __mp_main__ - ERROR - --- Shutdown App ---
2024-01-19 17:01:55,354 - __mp_main__ - ERROR - --- Shutdown App ---
2024-01-19 17:08:01,690 - __mp_main__ - ERROR - --- Shutdown App ---
2024-01-19 17:10:21,656 - __mp_main__ - ERROR - --- Shutdown App ---
2024-01-19 17:14:39,868 - __mp_main__ - ERROR - --- Shutdown App ---
2024-01-19 17:15:01,759 - __mp_main__ - ERROR - --- Shutdown App ---
2024-01-19 17:15:27,402 - __mp_main__ - ERROR - --- Shutdown App ---
2024-01-19 17:16:51,965 - __mp_main__ - ERROR - --- Shutdown App ---
2024-01-19 17:17:02,950 - __mp_main__ - ERROR - --- Shutdown App ---
2024-01-19 17:17:08,376 - __mp_main__ - ERROR - --- Shutdown App ---
2024-01-19 17:17:18,311 - __mp_main__ - ERROR - --- Shutdown App ---
2024-01-19 17:17:27,410 - __mp_main__ - ERROR - --- Shutdown App ---
2024-01-22 14:05:47,035 - __mp_main__ - ERROR - --- Shutdown App ---
2024-01-22 14:06:56,266 - __mp_main__ - ERROR - --- Shutdown App ---
2024-01-22 15:24:33,732 - __mp_main__ - ERROR - --- Shutdown App ---
2024-01-22 15:27:10,234 - __mp_main__ - ERROR - --- Shutdown App ---
2024-01-22 15:31:10,908 - API - ERROR - --- Shutdown App ---
2024-01-22 15:33:37,685 - API - ERROR - --- Shutdown App ---
2024-01-22 15:36:09,077 - API - ERROR - --- Shutdown App ---
2024-01-22 15:37:41,365 - API - ERROR - --- Shutdown App ---
2024-01-22 15:38:34,402 - API - ERROR - --- Shutdown App ---
2024-01-22 16:06:22,934 - logger_manager - ERROR - --- Shutdown App ---
2024-01-22 16:14:50,859 - logger_manager - ERROR - --- Shutdown App ---
2024-01-22 16:16:04,271 - API -D:\NEXTWAVE\project\ipc_api\api_of_device\utils.py - <module> - 52 - ERROR - --- Shutdown App ---
2024-01-22 16:17:05,421 - API - D:\NEXTWAVE\project\ipc_api\api_of_device\utils.py - <module> - 52 - ERROR - --- Shutdown App ---
2024-01-22 16:17:37,859 - API - D:\NEXTWAVE\project\ipc_api\api_of_device\main.py - <module> - 38 - ERROR - --- Shutdown App ---
2024-01-22 16:18:29,789 - API - D:\NEXTWAVE\project\ipc_api\api_of_device\main.py - <module> - 38 - ERROR - --- Shutdown App ---
2024-01-22 16:26:01,983 - API - D:\NEXTWAVE\project\ipc_api\api_of_device\main.py - func_name=<module> - line=38 - ERROR - --- Shutdown App ---
2024-01-22 16:32:39,333 - API - D:\NEXTWAVE\project\ipc_api\api_of_device\main.py - func_name=<module> - line=38 - ERROR - --- Shutdown App ---
2024-01-22 16:32:59,329 - API - D:\NEXTWAVE\project\ipc_api\api_of_device\main.py - func_name=<module> - 127 - line=38 - ERROR - --- Shutdown App ---
2024-01-22 16:35:52,159 - API - D:\NEXTWAVE\project\ipc_api\api_of_device\main.py - func_name=<module> - 127 - line=38 - ERROR - --- Shutdown App ---
2024-01-22 16:35:59,434 - API - D:\NEXTWAVE\project\ipc_api\api_of_device\main.py - func_name=<module> - line=38 - ERROR - --- Shutdown App ---
2024-01-22 16:38:01,893 - API - D:\NEXTWAVE\project\ipc_api\api_of_device\main.py - func_name=<module> - line=38 - ERROR - --- Shutdown App ---
2024-01-22 16:46:37,277 - API - D:\NEXTWAVE\project\ipc_api\api_of_device\main.py - func_name=<module> - line=38 - ERROR - --- Shutdown App ---
2024-01-22 16:49:13,759 - API - D:\NEXTWAVE\project\ipc_api\api_of_device\main.py - func_name=<module> - 127 - line=38 - ERROR - --- Shutdown App ---
2024-01-22 16:49:35,605 - API - D:\NEXTWAVE\project\ipc_api\api_of_device\main.py - func_name=<module> - line=38 - ERROR - --- Shutdown App ---
2024-01-22 16:49:42,746 - API - D:\NEXTWAVE\project\ipc_api\api_of_device\main.py - func_name=<module> - line=38 - ERROR - --- Shutdown App ---
2024-01-22 16:51:40,160 - API - D:\NEXTWAVE\project\ipc_api\api_of_device\main.py - func_name=<module> - line=38 - ERROR - --- Shutdown App ---
2024-01-22 16:51:48,238 - API - D:\NEXTWAVE\project\ipc_api\api_of_device\main.py - func_name=<module> - line=38 - ERROR - --- Shutdown App ---
2024-01-22 16:52:30,869 - API - D:\NEXTWAVE\project\ipc_api\api_of_device\main.py - func_name=<module> - line=38 - ERROR - --- Shutdown App ---
2024-01-22 16:54:53,312 - API - D:\NEXTWAVE\project\ipc_api\api_of_device\main.py - func_name=<module> - line=38 - ERROR - --- Shutdown App ---
2024-01-22 17:01:23,578 - API - D:\NEXTWAVE\project\ipc_api\api_of_device\main.py - func_name=<module> - line=38 - ERROR - "None - --- Shutdown App ---
2024-01-22 17:01:42,824 - API - D:\NEXTWAVE\project\ipc_api\api_of_device\main.py - func_name=<module> - line=38 - ERROR - "None - --- Shutdown App ---
2024-01-22 17:03:53,449 - API - D:\NEXTWAVE\project\ipc_api\api_of_device\main.py - func_name=<module> - line=38 - ERROR - shutdown() - --- Shutdown App ---
2024-01-22 17:03:57,005 - API - D:\NEXTWAVE\project\ipc_api\api_of_device\main.py - func_name=shutdown()- line=38 - ERROR - --- Shutdown App ---
2024-01-22 17:05:08,616 - API - D:\NEXTWAVE\project\ipc_api\api_of_device\main.py - func_name=shutdown() - line=38 - ERROR - --- Shutdown App ---
2024-01-22 17:05:42,444 - API - D:\NEXTWAVE\project\ipc_api\api_of_device\main.py - func_name=197 - line=38 - ERROR - --- Shutdown App ---
2024-01-22 17:07:55,930 - API - D:\NEXTWAVE\project\ipc_api\api_of_device\main.py - func_name=shutdown() - line=197 - ERROR - --- Shutdown App ---
2024-01-22 17:08:17,712 - API - D:\NEXTWAVE\project\ipc_api\api_of_device\main.py - func_name=shutdown() - line=197 - ERROR - --- Shutdown App ---
2024-01-22 17:10:00,208 - API - D:\NEXTWAVE\project\ipc_api\api_of_device\main.py - func_name=shutdown() - line=197 - ERROR - --- Shutdown App ---
2024-01-22 17:10:29,165 - API - D:\NEXTWAVE\project\ipc_api\api_of_device\main.py - main.py - func_name=shutdown() - line=197 - ERROR - --- Shutdown App ---
2024-01-22 17:11:11,749 - API - D:\NEXTWAVE\project\ipc_api\api_of_device\main.py - main.py - main - func_name=shutdown() - line=197 - ERROR - --- Shutdown App ---
2024-01-22 17:11:23,572 - API - D:\NEXTWAVE\project\ipc_api\api_of_device\main.py - func_name=shutdown() - line=197 - ERROR - --- Shutdown App ---
2024-01-22 17:11:57,165 - API - D:\NEXTWAVE\project\ipc_api\api_of_device\main.py - func_name=shutdown() - line=197 - ERROR - --- Shutdown App ---
2024-01-22 17:12:44,381 - API - D:\NEXTWAVE\project\ipc_api\api_of_device\main.py - func_name=shutdown() - line=197 - ERROR - --- Shutdown App ---
2024-01-22 17:13:23,484 - API - D:\NEXTWAVE\project\ipc_api\api_of_device\main.py - func_name=shutdown() - line=198 - ERROR - --- Shutdown App ---
2024-01-22 17:16:57,205 - API - D:\NEXTWAVE\project\ipc_api\api_of_device\main.py - func_name=shutdown() - line=198 - ERROR - --- Shutdown App ---
2024-01-22 17:18:28,534 - API - D:\NEXTWAVE\project\ipc_api\api_of_device\main.py - func_name=shutdown() - line=198 - ERROR - --- Shutdown App ---
2024-01-22 17:20:30,388 - API - D:\NEXTWAVE\project\ipc_api\api_of_device\main.py - func_name=shutdown() - line=198 - ERROR - --- Shutdown App ---
2024-01-22 17:20:40,332 - API - D:\NEXTWAVE\project\ipc_api\api_of_device\main.py - func_name=shutdown() - line=198 - ERROR - --- Shutdown App ---
2024-01-22 17:28:34,299 - API - D:\NEXTWAVE\project\ipc_api\api_of_device\main.py - func_name=shutdown() - line=198 - ERROR - --- Shutdown App ---
